This is pdfTeX, Version 3.141592653-2.6-1.40.26 (TeX Live 2024) (preloaded format=pdflatex 2025.1.24)  24 JAN 2025 17:24
entering extended mode
 restricted \write18 enabled.
 %&-line parsing enabled.
**eric-ms-thesis.tex
(./eric-ms-thesis.tex
LaTeX2e <2024-11-01> patch level 1
L3 programming layer <2024-12-25>

! LaTeX Error: File `ufdissertation.cls' not found.

Type X to quit or <RETURN> to proceed,
or enter new name. (Default extension: cls)

Enter file name: 
! Emergency stop.
<read *> 
         
l.1 ...umentclass[editMode]{ufdissertation}\sloppy
                                                  ^^M 
Here is how much of TeX's memory you used:
 19 strings out of 475117
 476 string characters out of 5762805
 386889 words of memory out of 5000000
 23125 multiletter control sequences out of 15000+600000
 558837 words of font info for 36 fonts, out of 8000000 for 9000
 36 hyphenation exceptions out of 8191
 19i,0n,29p,101b,17s stack positions out of 10000i,1000n,20000p,200000b,200000s

!  ==> Fatal error occurred, no output PDF file produced!
